[2024-12-09 16:12:24] [INFO]    [OmnipathR] Welcome to OmnipathR!
[2024-12-09 16:12:24] [INFO]    [OmnipathR] Setting up new cache directory `/Users/hannahbazin/Library/Caches/OmnipathR`.
[2024-12-09 16:12:24] [TRACE]   [OmnipathR] Reading JSON from `/Users/hannahbazin/Library/Caches/OmnipathR/cache.json` (encoding: UTF-8).
[2024-12-09 16:12:24] [TRACE]   [OmnipathR] JSON validation successful: TRUE
[2024-12-09 16:12:24] [INFO]    [OmnipathR] Initialized cache: `/Users/hannahbazin/Library/Caches/OmnipathR`.
[2024-12-09 16:12:24] [TRACE]   [OmnipathR] Reading JSON from `/Library/Frameworks/R.framework/Versions/4.4-arm64/Resources/library/OmnipathR/db/db_def.json` (encoding: UTF-8).
[2024-12-09 16:12:24] [TRACE]   [OmnipathR] JSON validation successful: TRUE
[2024-12-09 16:12:24] [TRACE]   [OmnipathR] Reading JSON from `/Library/Frameworks/R.framework/Versions/4.4-arm64/Resources/library/OmnipathR/internal/magic_bytes.json` (encoding: UTF-8).
[2024-12-09 16:12:24] [TRACE]   [OmnipathR] JSON validation successful: TRUE
[2024-12-09 16:12:24] [TRACE]   [OmnipathR] Reading JSON from `/Library/Frameworks/R.framework/Versions/4.4-arm64/Resources/library/OmnipathR/internal/urls.json` (encoding: UTF-8).
[2024-12-09 16:12:24] [TRACE]   [OmnipathR] JSON validation successful: TRUE
[2024-12-09 16:12:24] [TRACE]   [OmnipathR] Reading JSON from `/Library/Frameworks/R.framework/Versions/4.4-arm64/Resources/library/OmnipathR/internal/id_types.json` (encoding: UTF-8).
[2024-12-09 16:12:24] [TRACE]   [OmnipathR] JSON validation successful: TRUE
[2024-12-09 16:27:34] [TRACE]   [OmnipathR] Reading JSON from `https://omnipathdb.org/resources` (encoding: UTF-8).
[2024-12-09 16:27:34] [TRACE]   [OmnipathR] JSON validation successful: TRUE
[2024-12-09 16:29:02] [INFO]    [OmnipathR] Loading database `Ensembl and OMA organism names`.
[2024-12-09 16:29:02] [TRACE]   [OmnipathR] Reading JSON from `/Users/hannahbazin/Library/Caches/OmnipathR/cache.json` (encoding: UTF-8).
[2024-12-09 16:29:02] [TRACE]   [OmnipathR] JSON validation successful: TRUE
[2024-12-09 16:29:02] [INFO]    [OmnipathR] Looking up in cache `https://www.ensembl.org/info/about/species.html`: key=7332486db7400730697234bad76ca0c8e4d00799, no version available.
[2024-12-09 16:29:02] [TRACE]   [OmnipathR] Reading JSON from `/Users/hannahbazin/Library/Caches/OmnipathR/cache.json` (encoding: UTF-8).
[2024-12-09 16:29:02] [TRACE]   [OmnipathR] JSON validation successful: TRUE
[2024-12-09 16:29:02] [INFO]    [OmnipathR] Created new version for cache record 7332486db7400730697234bad76ca0c8e4d00799: version 1.
[2024-12-09 16:29:02] [TRACE]   [OmnipathR] Cache file path: /Users/hannahbazin/Library/Caches/OmnipathR/7332486db7400730697234bad76ca0c8e4d00799-1.html
[2024-12-09 16:29:02] [INFO]    [OmnipathR] Retrieving URL: `https://www.ensembl.org/info/about/species.html`
[2024-12-09 16:29:02] [TRACE]   [OmnipathR] Attempt 1/3: `https://www.ensembl.org/info/about/species.html`
[2024-12-09 16:29:38] [TRACE]   [OmnipathR] HTTP 200
[2024-12-09 16:29:38] [INFO]    [OmnipathR] Download ready [key=7332486db7400730697234bad76ca0c8e4d00799, version=1]
[2024-12-09 16:29:38] [TRACE]   [OmnipathR] Reading JSON from `/Users/hannahbazin/Library/Caches/OmnipathR/cache.json` (encoding: UTF-8).
[2024-12-09 16:29:38] [TRACE]   [OmnipathR] JSON validation successful: TRUE
[2024-12-09 16:29:38] [INFO]    [OmnipathR] Cache item `7332486db7400730697234bad76ca0c8e4d00799` version 1: status changed from `unknown` to `ready`.
[2024-12-09 16:29:38] [TRACE]   [OmnipathR] Looking up in cache: `https://omabrowser.org/All/oma-species.txt`.
[2024-12-09 16:29:38] [INFO]    [OmnipathR] Cache record does not exist: `https://omabrowser.org/All/oma-species.txt`
[2024-12-09 16:29:38] [TRACE]   [OmnipathR] Could not find in cache, initiating download: `https://omabrowser.org/All/oma-species.txt`.
[2024-12-09 16:29:39] [TRACE]   [OmnipathR] Reading JSON from `/Users/hannahbazin/Library/Caches/OmnipathR/cache.json` (encoding: UTF-8).
[2024-12-09 16:29:39] [TRACE]   [OmnipathR] JSON validation successful: TRUE
[2024-12-09 16:29:39] [TRACE]   [OmnipathR] Reading JSON from `/Users/hannahbazin/Library/Caches/OmnipathR/cache.json` (encoding: UTF-8).
[2024-12-09 16:29:39] [TRACE]   [OmnipathR] JSON validation successful: TRUE
[2024-12-09 16:29:39] [INFO]    [OmnipathR] Cache item `30e690cbb55dfc63b5903ab337f34ffc2f4be397` version 1: status changed from `unknown` to `started`.
[2024-12-09 16:29:39] [TRACE]   [OmnipathR] Exporting object to RDS: `/Users/hannahbazin/Library/Caches/OmnipathR/30e690cbb55dfc63b5903ab337f34ffc2f4be397-1.rds`.
[2024-12-09 16:29:39] [INFO]    [OmnipathR] Retrieving URL: `https://omabrowser.org/All/oma-species.txt`
[2024-12-09 16:29:39] [TRACE]   [OmnipathR] Attempt 1/3: `https://omabrowser.org/All/oma-species.txt`
[2024-12-09 16:29:39] [TRACE]   [OmnipathR] Exported RDS to `/Users/hannahbazin/Library/Caches/OmnipathR/30e690cbb55dfc63b5903ab337f34ffc2f4be397-1.rds`.
[2024-12-09 16:29:39] [INFO]    [OmnipathR] Download ready [key=30e690cbb55dfc63b5903ab337f34ffc2f4be397, version=1]
[2024-12-09 16:29:39] [TRACE]   [OmnipathR] Reading JSON from `/Users/hannahbazin/Library/Caches/OmnipathR/cache.json` (encoding: UTF-8).
[2024-12-09 16:29:39] [TRACE]   [OmnipathR] JSON validation successful: TRUE
[2024-12-09 16:29:39] [INFO]    [OmnipathR] Cache item `30e690cbb55dfc63b5903ab337f34ffc2f4be397` version 1: status changed from `started` to `ready`.
[2024-12-09 16:29:39] [INFO]    [OmnipathR] Loaded database `Ensembl and OMA organism names`.
[2024-12-09 16:29:39] [TRACE]   [OmnipathR] Reading JSON from `https://omnipathdb.org/resources` (encoding: UTF-8).
[2024-12-09 16:29:39] [TRACE]   [OmnipathR] JSON validation successful: TRUE
[2024-12-09 16:29:39] [TRACE]   [OmnipathR] Looking up in cache: `https://omnipathdb.org/interactions?genesymbols=yes&resources=SignaLink3,PhosphoSite,SIGNOR&datasets=omnipath&organisms=9606&fields=sources,references,curation_effort&license=academic`
[2024-12-09 16:29:39] [INFO]    [OmnipathR] Cache record does not exist: `https://omnipathdb.org/interactions?genesymbols=yes&resources=SignaLink3,PhosphoSite,SIGNOR&datasets=omnipath&organisms=9606&fields=sources,references,curation_effort&license=academic`
[2024-12-09 16:29:39] [TRACE]   [OmnipathR] Looking up in cache: `http://no-tls.omnipathdb.org/interactions?genesymbols=yes&resources=SignaLink3,PhosphoSite,SIGNOR&datasets=omnipath&organisms=9606&fields=sources,references,curation_effort&license=academic`
[2024-12-09 16:29:39] [INFO]    [OmnipathR] Cache record does not exist: `http://no-tls.omnipathdb.org/interactions?genesymbols=yes&resources=SignaLink3,PhosphoSite,SIGNOR&datasets=omnipath&organisms=9606&fields=sources,references,curation_effort&license=academic`
[2024-12-09 16:29:39] [TRACE]   [OmnipathR] Attempting `https://omnipathdb.org/interactions?genesymbols=yes&resources=SignaLink3,PhosphoSite,SIGNOR&datasets=omnipath&organisms=9606&fields=sources,references,curation_effort&license=academic`
[2024-12-09 16:29:39] [INFO]    [OmnipathR] Retrieving URL: `https://omnipathdb.org/interactions?genesymbols=yes&resources=SignaLink3,PhosphoSite,SIGNOR&datasets=omnipath&organisms=9606&fields=sources,references,curation_effort&license=academic`
[2024-12-09 16:29:39] [TRACE]   [OmnipathR] Attempt 1/3: `https://omnipathdb.org/interactions?genesymbols=yes&resources=SignaLink3,PhosphoSite,SIGNOR&datasets=omnipath&organisms=9606&fields=sources,references,curation_effort&license=academic`
[2024-12-09 16:29:39] [INFO]    [OmnipathR] Successfully retrieved: `https://omnipathdb.org/interactions?genesymbols=yes&resources=SignaLink3,PhosphoSite,SIGNOR&datasets=omnipath&organisms=9606&fields=sources,references,curation_effort&license=academic`
[2024-12-09 16:29:39] [TRACE]   [OmnipathR] Reading JSON from `/Users/hannahbazin/Library/Caches/OmnipathR/cache.json` (encoding: UTF-8).
[2024-12-09 16:29:39] [TRACE]   [OmnipathR] JSON validation successful: TRUE
[2024-12-09 16:29:39] [TRACE]   [OmnipathR] Reading JSON from `/Users/hannahbazin/Library/Caches/OmnipathR/cache.json` (encoding: UTF-8).
[2024-12-09 16:29:39] [TRACE]   [OmnipathR] JSON validation successful: TRUE
[2024-12-09 16:29:39] [INFO]    [OmnipathR] Cache item `5fc92405e5592146693f05f443dd80aec58163a5` version 1: status changed from `unknown` to `started`.
[2024-12-09 16:29:39] [TRACE]   [OmnipathR] Exporting object to RDS: `/Users/hannahbazin/Library/Caches/OmnipathR/5fc92405e5592146693f05f443dd80aec58163a5-1.rds`.
[2024-12-09 16:29:40] [TRACE]   [OmnipathR] Exported RDS to `/Users/hannahbazin/Library/Caches/OmnipathR/5fc92405e5592146693f05f443dd80aec58163a5-1.rds`.
[2024-12-09 16:29:40] [INFO]    [OmnipathR] Download ready [key=5fc92405e5592146693f05f443dd80aec58163a5, version=1]
[2024-12-09 16:29:40] [TRACE]   [OmnipathR] Reading JSON from `/Users/hannahbazin/Library/Caches/OmnipathR/cache.json` (encoding: UTF-8).
[2024-12-09 16:29:40] [TRACE]   [OmnipathR] JSON validation successful: TRUE
[2024-12-09 16:29:40] [INFO]    [OmnipathR] Cache item `5fc92405e5592146693f05f443dd80aec58163a5` version 1: status changed from `started` to `ready`.
[2024-12-09 16:29:41] [SUCCESS] [OmnipathR] Downloaded 64485 interactions.
[2024-12-09 19:49:02] [TRACE]   [OmnipathR] Removing database `Ensembl and OMA organism names` (not used in the past 10800 seconds)
