[2024-12-12 16:54:37] [INFO]    [OmnipathR] Welcome to OmnipathR!
[2024-12-12 16:54:37] [TRACE]   [OmnipathR] Reading JSON from `/Users/hannahbazin/Library/Caches/OmnipathR/cache.json` (encoding: UTF-8).
[2024-12-12 16:54:37] [TRACE]   [OmnipathR] JSON validation successful: TRUE
[2024-12-12 16:54:37] [INFO]    [OmnipathR] Initialized cache: `/Users/hannahbazin/Library/Caches/OmnipathR`.
[2024-12-12 16:54:37] [TRACE]   [OmnipathR] Reading JSON from `/Library/Frameworks/R.framework/Versions/4.4-arm64/Resources/library/OmnipathR/db/db_def.json` (encoding: UTF-8).
[2024-12-12 16:54:37] [TRACE]   [OmnipathR] JSON validation successful: TRUE
[2024-12-12 16:54:37] [TRACE]   [OmnipathR] Reading JSON from `/Library/Frameworks/R.framework/Versions/4.4-arm64/Resources/library/OmnipathR/internal/magic_bytes.json` (encoding: UTF-8).
[2024-12-12 16:54:37] [TRACE]   [OmnipathR] JSON validation successful: TRUE
[2024-12-12 16:54:37] [TRACE]   [OmnipathR] Reading JSON from `/Library/Frameworks/R.framework/Versions/4.4-arm64/Resources/library/OmnipathR/internal/urls.json` (encoding: UTF-8).
[2024-12-12 16:54:37] [TRACE]   [OmnipathR] JSON validation successful: TRUE
[2024-12-12 16:54:37] [TRACE]   [OmnipathR] Reading JSON from `/Library/Frameworks/R.framework/Versions/4.4-arm64/Resources/library/OmnipathR/internal/id_types.json` (encoding: UTF-8).
[2024-12-12 16:54:37] [TRACE]   [OmnipathR] JSON validation successful: TRUE
[2024-12-12 16:54:38] [TRACE]   [OmnipathR] Reading JSON from `https://omnipathdb.org/resources` (encoding: UTF-8).
[2024-12-12 16:54:38] [TRACE]   [OmnipathR] JSON validation successful: TRUE
[2024-12-12 16:54:38] [INFO]    [OmnipathR] Loading database `Ensembl and OMA organism names`.
[2024-12-12 16:54:38] [INFO]    [OmnipathR] Looking up in cache `https://www.ensembl.org/info/about/species.html`: key=7332486db7400730697234bad76ca0c8e4d00799, latest version=1.
[2024-12-12 16:54:38] [TRACE]   [OmnipathR] Cache file path: /Users/hannahbazin/Library/Caches/OmnipathR/7332486db7400730697234bad76ca0c8e4d00799-1.html
[2024-12-12 16:54:38] [TRACE]   [OmnipathR] Looking up in cache: `https://omabrowser.org/All/oma-species.txt`.
[2024-12-12 16:54:38] [TRACE]   [OmnipathR] Loaded data from RDS `/Users/hannahbazin/Library/Caches/OmnipathR/30e690cbb55dfc63b5903ab337f34ffc2f4be397-1.rds`.
[2024-12-12 16:54:38] [INFO]    [OmnipathR] Loaded database `Ensembl and OMA organism names`.
[2024-12-12 16:54:38] [TRACE]   [OmnipathR] Reading JSON from `https://omnipathdb.org/resources` (encoding: UTF-8).
[2024-12-12 16:54:38] [TRACE]   [OmnipathR] JSON validation successful: TRUE
[2024-12-12 16:54:38] [TRACE]   [OmnipathR] Looking up in cache: `https://omnipathdb.org/interactions?genesymbols=yes&resources=SignaLink3,PhosphoSite,SIGNOR&datasets=omnipath&organisms=9606&fields=sources,references,curation_effort&license=academic`
[2024-12-12 16:54:38] [TRACE]   [OmnipathR] Loaded data from RDS `/Users/hannahbazin/Library/Caches/OmnipathR/5fc92405e5592146693f05f443dd80aec58163a5-1.rds`.
[2024-12-12 16:54:38] [INFO]    [OmnipathR] Loaded from cache: `https://omnipathdb.org/interactions?genesymbols=yes&resources=SignaLink3,PhosphoSite,SIGNOR&datasets=omnipath&organisms=9606&fields=sources,references,curation_effort&license=academic`
[2024-12-12 16:54:39] [SUCCESS] [OmnipathR] Loaded 64485 interactions from cache.
[2024-12-12 16:54:44] [TRACE]   [OmnipathR] Reading JSON from `https://omnipathdb.org/resources` (encoding: UTF-8).
[2024-12-12 16:54:44] [TRACE]   [OmnipathR] JSON validation successful: TRUE
[2024-12-12 16:54:44] [TRACE]   [OmnipathR] Looking up in cache: `https://omnipathdb.org/interactions?genesymbols=yes&resources=Wang,Lit-BM-17&datasets=pathwayextra&organisms=10090&fields=sources,references,curation_effort&license=academic`
[2024-12-12 16:54:44] [TRACE]   [OmnipathR] Loaded data from RDS `/Users/hannahbazin/Library/Caches/OmnipathR/3bebb563f03426a03a2bbe2548cea1de114c32e2-1.rds`.
[2024-12-12 16:54:44] [INFO]    [OmnipathR] Loaded from cache: `https://omnipathdb.org/interactions?genesymbols=yes&resources=Wang,Lit-BM-17&datasets=pathwayextra&organisms=10090&fields=sources,references,curation_effort&license=academic`
[2024-12-12 16:54:44] [SUCCESS] [OmnipathR] Loaded 39742 interactions from cache.
[2024-12-12 16:54:45] [TRACE]   [OmnipathR] Reading JSON from `https://omnipathdb.org/resources` (encoding: UTF-8).
[2024-12-12 16:54:45] [TRACE]   [OmnipathR] JSON validation successful: TRUE
[2024-12-12 16:54:45] [TRACE]   [OmnipathR] Looking up in cache: `https://omnipathdb.org/interactions?genesymbols=yes&resources=PhosphoPoint,PhosphoSite&datasets=kinaseextra&organisms=10116&fields=sources,references,curation_effort&license=academic`
[2024-12-12 16:54:45] [TRACE]   [OmnipathR] Loaded data from RDS `/Users/hannahbazin/Library/Caches/OmnipathR/5cd314c4201dd53ec320a9f10d9b55c017d6143d-1.rds`.
[2024-12-12 16:54:45] [INFO]    [OmnipathR] Loaded from cache: `https://omnipathdb.org/interactions?genesymbols=yes&resources=PhosphoPoint,PhosphoSite&datasets=kinaseextra&organisms=10116&fields=sources,references,curation_effort&license=academic`
[2024-12-12 16:54:45] [SUCCESS] [OmnipathR] Loaded 6869 interactions from cache.
[2024-12-12 16:54:45] [TRACE]   [OmnipathR] Reading JSON from `https://omnipathdb.org/resources` (encoding: UTF-8).
[2024-12-12 16:54:45] [TRACE]   [OmnipathR] JSON validation successful: TRUE
[2024-12-12 16:54:45] [TRACE]   [OmnipathR] Looking up in cache: `https://omnipathdb.org/interactions?genesymbols=yes&resources=iTALK,Baccin2019&datasets=ligrecextra&organisms=9606&fields=sources,references,curation_effort&license=academic`
[2024-12-12 16:54:45] [TRACE]   [OmnipathR] Loaded data from RDS `/Users/hannahbazin/Library/Caches/OmnipathR/76b8ee6c20a073a1d42974b1a19964fdd2720dc5-1.rds`.
[2024-12-12 16:54:45] [INFO]    [OmnipathR] Loaded from cache: `https://omnipathdb.org/interactions?genesymbols=yes&resources=iTALK,Baccin2019&datasets=ligrecextra&organisms=9606&fields=sources,references,curation_effort&license=academic`
[2024-12-12 16:54:45] [SUCCESS] [OmnipathR] Loaded 2834 interactions from cache.
[2024-12-12 16:54:45] [TRACE]   [OmnipathR] Looking up in cache: `https://omnipathdb.org/interactions?genesymbols=yes&datasets=omnipath&organisms=9606&fields=sources,references,curation_effort&license=academic`
[2024-12-12 16:54:45] [TRACE]   [OmnipathR] Loaded data from RDS `/Users/hannahbazin/Library/Caches/OmnipathR/a7b21d9d80a3837a50268df16d168128fc1c6ede-1.rds`.
[2024-12-12 16:54:45] [INFO]    [OmnipathR] Loaded from cache: `https://omnipathdb.org/interactions?genesymbols=yes&datasets=omnipath&organisms=9606&fields=sources,references,curation_effort&license=academic`
[2024-12-12 16:54:47] [SUCCESS] [OmnipathR] Loaded 81529 interactions from cache.
[2024-12-12 16:54:48] [TRACE]   [OmnipathR] Looking up in cache: `https://omnipathdb.org/interactions?genesymbols=yes&datasets=dorothea&organisms=9606&dorothea_levels=A&fields=evidences,sources,references,curation_effort,dorothea_level&license=academic`
[2024-12-12 16:54:48] [TRACE]   [OmnipathR] Loaded data from RDS `/Users/hannahbazin/Library/Caches/OmnipathR/cec89bc1fe3ebef967abba1c60b7aed92bbdbe90-1.rds`.
[2024-12-12 16:54:48] [INFO]    [OmnipathR] Loaded from cache: `https://omnipathdb.org/interactions?genesymbols=yes&datasets=dorothea&organisms=9606&dorothea_levels=A&fields=evidences,sources,references,curation_effort,dorothea_level&license=academic`
[2024-12-12 16:54:48] [TRACE]   [OmnipathR] Converting JSON column `evidences` to list.
[2024-12-12 16:54:48] [TRACE]   [OmnipathR] Restricting interaction records to datasets: dorothea; and resources: any
[2024-12-12 16:54:49] [TRACE]   [OmnipathR] Filtering evidence columns: positive, negative, directed, undirected; to datasets: dorothea; and resources: any; excluding resources: none
[2024-12-12 16:54:54] [SUCCESS] [OmnipathR] Downloaded 6127 interactions.
[2024-12-12 16:54:54] [TRACE]   [OmnipathR] Reading JSON from `https://omnipathdb.org/resources` (encoding: UTF-8).
[2024-12-12 16:54:54] [TRACE]   [OmnipathR] JSON validation successful: TRUE
[2024-12-12 16:54:54] [TRACE]   [OmnipathR] Looking up in cache: `https://omnipathdb.org/interactions?genesymbols=yes&resources=miR2Disease,miRDeathDB&datasets=mirnatarget&organisms=9606&fields=sources,references,curation_effort&license=academic`
[2024-12-12 16:54:54] [TRACE]   [OmnipathR] Loaded data from RDS `/Users/hannahbazin/Library/Caches/OmnipathR/6fb27ffb4d0e53df1451b4f323099eab4e7b60ae-1.rds`.
[2024-12-12 16:54:54] [INFO]    [OmnipathR] Loaded from cache: `https://omnipathdb.org/interactions?genesymbols=yes&resources=miR2Disease,miRDeathDB&datasets=mirnatarget&organisms=9606&fields=sources,references,curation_effort&license=academic`
[2024-12-12 16:54:54] [SUCCESS] [OmnipathR] Loaded 716 interactions from cache.
[2024-12-12 16:54:54] [TRACE]   [OmnipathR] Looking up in cache: `https://omnipathdb.org/interactions?genesymbols=yes&datasets=small_molecule&organisms=9606&fields=sources,references,curation_effort&sources=TRAMETINIB&license=academic`
[2024-12-12 16:54:54] [TRACE]   [OmnipathR] Loaded data from RDS `/Users/hannahbazin/Library/Caches/OmnipathR/c8829fb056a995e6935c4c5f23770852f8035247-1.rds`.
[2024-12-12 16:54:54] [INFO]    [OmnipathR] Loaded from cache: `https://omnipathdb.org/interactions?genesymbols=yes&datasets=small_molecule&organisms=9606&fields=sources,references,curation_effort&sources=TRAMETINIB&license=academic`
[2024-12-12 16:54:54] [SUCCESS] [OmnipathR] Loaded 32 interactions from cache.
[2024-12-12 16:54:54] [TRACE]   [OmnipathR] Reading JSON from `https://omnipathdb.org/resources` (encoding: UTF-8).
[2024-12-12 16:54:54] [TRACE]   [OmnipathR] JSON validation successful: TRUE
[2024-12-12 16:54:54] [TRACE]   [OmnipathR] Looking up in cache: `https://omnipathdb.org/enzsub?genesymbols=yes&organisms=9606&fields=sources,references,curation_effort&license=academic`
[2024-12-12 16:54:54] [TRACE]   [OmnipathR] Loaded data from RDS `/Users/hannahbazin/Library/Caches/OmnipathR/a6f560033dff45b503a8016c14c974c4c04b5967-1.rds`.
[2024-12-12 16:54:54] [INFO]    [OmnipathR] Loaded from cache: `https://omnipathdb.org/enzsub?genesymbols=yes&organisms=9606&fields=sources,references,curation_effort&license=academic`
[2024-12-12 16:54:55] [SUCCESS] [OmnipathR] Loaded 43269 enzyme-substrate relationships from cache.
[2024-12-12 16:54:56] [TRACE]   [OmnipathR] Looking up in cache: `https://omnipathdb.org/interactions?genesymbols=yes&datasets=omnipath&organisms=9606&fields=sources,references,curation_effort&license=academic`
[2024-12-12 16:54:56] [TRACE]   [OmnipathR] Loaded data from RDS `/Users/hannahbazin/Library/Caches/OmnipathR/a7b21d9d80a3837a50268df16d168128fc1c6ede-1.rds`.
[2024-12-12 16:54:56] [INFO]    [OmnipathR] Loaded from cache: `https://omnipathdb.org/interactions?genesymbols=yes&datasets=omnipath&organisms=9606&fields=sources,references,curation_effort&license=academic`
[2024-12-12 16:54:57] [SUCCESS] [OmnipathR] Loaded 81529 interactions from cache.
[2024-12-12 16:54:58] [TRACE]   [OmnipathR] Reading JSON from `https://omnipathdb.org/resources` (encoding: UTF-8).
[2024-12-12 16:54:58] [TRACE]   [OmnipathR] JSON validation successful: TRUE
[2024-12-12 16:54:58] [TRACE]   [OmnipathR] Looking up in cache: `https://omnipathdb.org/interactions?genesymbols=yes&resources=PhosphoSite,SIGNOR&datasets=omnipath&organisms=10090&fields=sources,references,curation_effort&license=academic`
[2024-12-12 16:54:58] [TRACE]   [OmnipathR] Loaded data from RDS `/Users/hannahbazin/Library/Caches/OmnipathR/6ff60f2b482aa2fe8df202d67a999622e53c3cc3-1.rds`.
[2024-12-12 16:54:58] [INFO]    [OmnipathR] Loaded from cache: `https://omnipathdb.org/interactions?genesymbols=yes&resources=PhosphoSite,SIGNOR&datasets=omnipath&organisms=10090&fields=sources,references,curation_effort&license=academic`
[2024-12-12 16:54:59] [SUCCESS] [OmnipathR] Loaded 12946 interactions from cache.
[2024-12-12 16:54:59] [TRACE]   [OmnipathR] Reading JSON from `https://omnipathdb.org/resources` (encoding: UTF-8).
[2024-12-12 16:54:59] [TRACE]   [OmnipathR] JSON validation successful: TRUE
[2024-12-12 16:54:59] [TRACE]   [OmnipathR] Reading JSON from `https://omnipathdb.org/resources` (encoding: UTF-8).
[2024-12-12 16:54:59] [TRACE]   [OmnipathR] JSON validation successful: TRUE
[2024-12-12 16:54:59] [TRACE]   [OmnipathR] Looking up in cache: `https://omnipathdb.org/complexes?resources=CORUM,hu.MAP&license=academic`
[2024-12-12 16:54:59] [TRACE]   [OmnipathR] Loaded data from RDS `/Users/hannahbazin/Library/Caches/OmnipathR/d9d7d22ab08109542a41373aee9f37f4a6e4f1a5-1.rds`.
[2024-12-12 16:54:59] [INFO]    [OmnipathR] Loaded from cache: `https://omnipathdb.org/complexes?resources=CORUM,hu.MAP&license=academic`
[2024-12-12 16:54:59] [SUCCESS] [OmnipathR] Loaded 7194 protein complexes from cache.
[2024-12-12 16:55:00] [TRACE]   [OmnipathR] Reading JSON from `https://omnipathdb.org/resources` (encoding: UTF-8).
[2024-12-12 16:55:00] [TRACE]   [OmnipathR] JSON validation successful: TRUE
[2024-12-12 16:55:00] [TRACE]   [OmnipathR] Looking up in cache: `https://omnipathdb.org/annotations?proteins=COMPLEX:NCAPD2_NCAPG_NCAPH_PARP1_SMC2_SMC4_XRCC1,COMPLEX:CCNA2_CDK2_LIG1_PARP1_POLA1_POLD1_POLE_RFC1_RFC2_RPA1_RPA2_RPA3_TOP1,COMPLEX:CCNA2_CCNB1_CDK1_PARP1_POLA1_POLD1_POLE_RFC1_RFC2_RPA1_RPA2_RPA3_TOP1,COMPLEX:MRE11_PARP1_RAD50_TERF2_TERF2IP_XRCC5_XRCC6,COMPLEX:TERF2_WRN,COMPLEX:CALR_DHX30_H2AX_H2BC26_HSPA5_NPM1_PARP1,COMPLEX:CTCF_H2AC18_H2AZ1_KPNA1_KPNA3_LMNA_NPM1_PARP1_TOP2A,COMPLEX:ACTB_HSPA4_MYH10_NCL_NONO_NPM1_PARP1_RAD50_TLE1_TOP2B,COMPLEX:CDK8_MED6_PARP1,COMPLEX:HSPA4_NCL_NONO_NPM1_PARP1_RAD50_TLE1_TOP2B,COMPLEX:CREBBP_H3C1_H4C8_HES1_KAT2B_NONO_PARP1_POLR2A_SRC,COMPLEX:CAMK2D_CREBBP_HES1_KAT2B_NONO_PARP1_POLR2A_SRC,COMPLEX:WRN_XRCC5_XRCC6,COMPLEX:NCOA6_PARP1_PRKDC_XRCC5_XRCC6,COMPLEX:PARP1_WRN_XRCC5_XRCC6,COMPLEX:FEN1_WRN,COMPLEX:LIG3_PARP1,COMPLEX:ATE1_BANF1_PARP1,COMPLEX:PAXX_WRN_XRCC6,COMPLEX:PAXX_PRKDC_WRN_XRCC6,COMPLEX:KIAA0930_KLHL11_PEF1_WRN&license=academic`
[2024-12-12 16:55:00] [TRACE]   [OmnipathR] Loaded data from RDS `/Users/hannahbazin/Library/Caches/OmnipathR/e666cdf8b0e6e846fc6eb9319c9261ea08f0995d-1.rds`.
[2024-12-12 16:55:00] [INFO]    [OmnipathR] Loaded from cache: `https://omnipathdb.org/annotations?proteins=COMPLEX:NCAPD2_NCAPG_NCAPH_PARP1_SMC2_SMC4_XRCC1,COMPLEX:CCNA2_CDK2_LIG1_PARP1_POLA1_POLD1_POLE_RFC1_RFC2_RPA1_RPA2_RPA3_TOP1,COMPLEX:CCNA2_CCNB1_CDK1_PARP1_POLA1_POLD1_POLE_RFC1_RFC2_RPA1_RPA2_RPA3_TOP1,COMPLEX:MRE11_PARP1_RAD50_TERF2_TERF2IP_XRCC5_XRCC6,COMPLEX:TERF2_WRN,COMPLEX:CALR_DHX30_H2AX_H2BC26_HSPA5_NPM1_PARP1,COMPLEX:CTCF_H2AC18_H2AZ1_KPNA1_KPNA3_LMNA_NPM1_PARP1_TOP2A,COMPLEX:ACTB_HSPA4_MYH10_NCL_NONO_NPM1_PARP1_RAD50_TLE1_TOP2B,COMPLEX:CDK8_MED6_PARP1,COMPLEX:HSPA4_NCL_NONO_NPM1_PARP1_RAD50_TLE1_TOP2B,COMPLEX:CREBBP_H3C1_H4C8_HES1_KAT2B_NONO_PARP1_POLR2A_SRC,COMPLEX:CAMK2D_CREBBP_HES1_KAT2B_NONO_PARP1_POLR2A_SRC,COMPLEX:WRN_XRCC5_XRCC6,COMPLEX:NCOA6_PARP1_PRKDC_XRCC5_XRCC6,COMPLEX:PARP1_WRN_XRCC5_XRCC6,COMPLEX:FEN1_WRN,COMPLEX:LIG3_PARP1,COMPLEX:ATE1_BANF1_PARP1,COMPLEX:PAXX_WRN_XRCC6,COMPLEX:PAXX_PRKDC_WRN_XRCC6,COMPLEX:KIAA0930_KLHL11_PEF1_WRN&license=academic`
[2024-12-12 16:55:00] [SUCCESS] [OmnipathR] Loaded 1237 annotation records from cache.
[2024-12-12 16:55:00] [TRACE]   [OmnipathR] Reading JSON from `https://omnipathdb.org/resources` (encoding: UTF-8).
[2024-12-12 16:55:00] [TRACE]   [OmnipathR] JSON validation successful: TRUE
[2024-12-12 16:55:00] [TRACE]   [OmnipathR] Looking up in cache: `https://omnipathdb.org/annotations?resources=NetPath&proteins=NCAPD2,NCAPG,NCAPH,PARP1,SMC2,SMC4,XRCC1,CCNA2,CDK2,LIG1,PARP1,POLA1,POLD1,POLE,RFC1,RFC2,RPA1,RPA2,RPA3,TOP1,CCNA2,CCNB1,CDK1,PARP1,POLA1,POLD1,POLE,RFC1,RFC2,RPA1,RPA2,RPA3,TOP1,MRE11,PARP1,RAD50,TERF2,TERF2IP,XRCC5,XRCC6,TERF2,WRN,CALR,DHX30,H2AX,H2BC26,HSPA5,NPM1,PARP1,CTCF,H2AC18,H2AZ1,KPNA1,KPNA3,LMNA,NPM1,PARP1,TOP2A,ACTB,HSPA4,MYH10,NCL,NONO,NPM1,PARP1,RAD50,TLE1,TOP2B,CDK8,MED6,PARP1,HSPA4,NCL,NONO,NPM1,PARP1,RAD50,TLE1,TOP2B,CREBBP,H3C1,H4C8,HES1,KAT2B,NONO,PARP1,POLR2A,SRC,CAMK2D,CREBBP,HES1,KAT2B,NONO,PARP1,POLR2A,SRC,WRN,XRCC5,XRCC6,NCOA6,PARP1,PRKDC,XRCC5,XRCC6,PARP1,WRN,XRCC5,XRCC6,FEN1,WRN,LIG3,PARP1,ATE1,BANF1,PARP1,PAXX,WRN,XRCC6,PAXX,PRKDC,WRN,XRCC6,KIAA0930,KLHL11,PEF1,WRN&license=academic`
[2024-12-12 16:55:00] [TRACE]   [OmnipathR] Loaded data from RDS `/Users/hannahbazin/Library/Caches/OmnipathR/72a8d891c5e3f648f5330031c8382decd1c9ce51-1.rds`.
[2024-12-12 16:55:00] [INFO]    [OmnipathR] Loaded from cache: `https://omnipathdb.org/annotations?resources=NetPath&proteins=NCAPD2,NCAPG,NCAPH,PARP1,SMC2,SMC4,XRCC1,CCNA2,CDK2,LIG1,PARP1,POLA1,POLD1,POLE,RFC1,RFC2,RPA1,RPA2,RPA3,TOP1,CCNA2,CCNB1,CDK1,PARP1,POLA1,POLD1,POLE,RFC1,RFC2,RPA1,RPA2,RPA3,TOP1,MRE11,PARP1,RAD50,TERF2,TERF2IP,XRCC5,XRCC6,TERF2,WRN,CALR,DHX30,H2AX,H2BC26,HSPA5,NPM1,PARP1,CTCF,H2AC18,H2AZ1,KPNA1,KPNA3,LMNA,NPM1,PARP1,TOP2A,ACTB,HSPA4,MYH10,NCL,NONO,NPM1,PARP1,RAD50,TLE1,TOP2B,CDK8,MED6,PARP1,HSPA4,NCL,NONO,NPM1,PARP1,RAD50,TLE1,TOP2B,CREBBP,H3C1,H4C8,HES1,KAT2B,NONO,PARP1,POLR2A,SRC,CAMK2D,CREBBP,HES1,KAT2B,NONO,PARP1,POLR2A,SRC,WRN,XRCC5,XRCC6,NCOA6,PARP1,PRKDC,XRCC5,XRCC6,PARP1,WRN,XRCC5,XRCC6,FEN1,WRN,LIG3,PARP1,ATE1,BANF1,PARP1,PAXX,WRN,XRCC6,PAXX,PRKDC,WRN,XRCC6,KIAA0930,KLHL11,PEF1,WRN&license=academic`
[2024-12-12 16:55:00] [SUCCESS] [OmnipathR] Loaded 86 annotation records from cache.
[2024-12-12 16:55:00] [TRACE]   [OmnipathR] Reading JSON from `https://omnipathdb.org/resources` (encoding: UTF-8).
[2024-12-12 16:55:00] [TRACE]   [OmnipathR] JSON validation successful: TRUE
[2024-12-12 16:55:00] [TRACE]   [OmnipathR] Looking up in cache: `https://omnipathdb.org/annotations?resources=ComPPI&proteins=NCAPD2,NCAPG,NCAPH,PARP1,SMC2,SMC4,XRCC1,CCNA2,CDK2,LIG1,PARP1,POLA1,POLD1,POLE,RFC1,RFC2,RPA1,RPA2,RPA3,TOP1,CCNA2,CCNB1,CDK1,PARP1,POLA1,POLD1,POLE,RFC1,RFC2,RPA1,RPA2,RPA3,TOP1,MRE11,PARP1,RAD50,TERF2,TERF2IP,XRCC5,XRCC6,TERF2,WRN,CALR,DHX30,H2AX,H2BC26,HSPA5,NPM1,PARP1,CTCF,H2AC18,H2AZ1,KPNA1,KPNA3,LMNA,NPM1,PARP1,TOP2A,ACTB,HSPA4,MYH10,NCL,NONO,NPM1,PARP1,RAD50,TLE1,TOP2B,CDK8,MED6,PARP1,HSPA4,NCL,NONO,NPM1,PARP1,RAD50,TLE1,TOP2B,CREBBP,H3C1,H4C8,HES1,KAT2B,NONO,PARP1,POLR2A,SRC,CAMK2D,CREBBP,HES1,KAT2B,NONO,PARP1,POLR2A,SRC,WRN,XRCC5,XRCC6,NCOA6,PARP1,PRKDC,XRCC5,XRCC6,PARP1,WRN,XRCC5,XRCC6,FEN1,WRN,LIG3,PARP1,ATE1,BANF1,PARP1,PAXX,WRN,XRCC6,PAXX,PRKDC,WRN,XRCC6,KIAA0930,KLHL11,PEF1,WRN&license=academic`
[2024-12-12 16:55:00] [TRACE]   [OmnipathR] Loaded data from RDS `/Users/hannahbazin/Library/Caches/OmnipathR/ddeb1f70cb112e394ecedc8a102cdde6b3254ab7-1.rds`.
[2024-12-12 16:55:00] [INFO]    [OmnipathR] Loaded from cache: `https://omnipathdb.org/annotations?resources=ComPPI&proteins=NCAPD2,NCAPG,NCAPH,PARP1,SMC2,SMC4,XRCC1,CCNA2,CDK2,LIG1,PARP1,POLA1,POLD1,POLE,RFC1,RFC2,RPA1,RPA2,RPA3,TOP1,CCNA2,CCNB1,CDK1,PARP1,POLA1,POLD1,POLE,RFC1,RFC2,RPA1,RPA2,RPA3,TOP1,MRE11,PARP1,RAD50,TERF2,TERF2IP,XRCC5,XRCC6,TERF2,WRN,CALR,DHX30,H2AX,H2BC26,HSPA5,NPM1,PARP1,CTCF,H2AC18,H2AZ1,KPNA1,KPNA3,LMNA,NPM1,PARP1,TOP2A,ACTB,HSPA4,MYH10,NCL,NONO,NPM1,PARP1,RAD50,TLE1,TOP2B,CDK8,MED6,PARP1,HSPA4,NCL,NONO,NPM1,PARP1,RAD50,TLE1,TOP2B,CREBBP,H3C1,H4C8,HES1,KAT2B,NONO,PARP1,POLR2A,SRC,CAMK2D,CREBBP,HES1,KAT2B,NONO,PARP1,POLR2A,SRC,WRN,XRCC5,XRCC6,NCOA6,PARP1,PRKDC,XRCC5,XRCC6,PARP1,WRN,XRCC5,XRCC6,FEN1,WRN,LIG3,PARP1,ATE1,BANF1,PARP1,PAXX,WRN,XRCC6,PAXX,PRKDC,WRN,XRCC6,KIAA0930,KLHL11,PEF1,WRN&license=academic`
[2024-12-12 16:55:00] [SUCCESS] [OmnipathR] Loaded 424 annotation records from cache.
[2024-12-12 16:55:00] [TRACE]   [OmnipathR] Reading JSON from `https://omnipathdb.org/resources` (encoding: UTF-8).
[2024-12-12 16:55:00] [TRACE]   [OmnipathR] JSON validation successful: TRUE
[2024-12-12 16:55:00] [TRACE]   [OmnipathR] Looking up in cache: `https://omnipathdb.org/annotations?resources=SignaLink_pathway&license=academic`
[2024-12-12 16:55:00] [TRACE]   [OmnipathR] Loaded data from RDS `/Users/hannahbazin/Library/Caches/OmnipathR/48f6d1c796292ce438ca19de4baf3e99ff368b61-1.rds`.
[2024-12-12 16:55:00] [INFO]    [OmnipathR] Loaded from cache: `https://omnipathdb.org/annotations?resources=SignaLink_pathway&license=academic`
[2024-12-12 16:55:00] [SUCCESS] [OmnipathR] Loaded 2487 annotation records from cache.
[2024-12-12 16:55:00] [TRACE]   [OmnipathR] Looking up in cache: `https://omnipathdb.org/intercell_summary`
[2024-12-12 16:55:00] [TRACE]   [OmnipathR] Loaded data from RDS `/Users/hannahbazin/Library/Caches/OmnipathR/4609206529e6ae997a8de976fe1277b3b74cc032-1.rds`.
[2024-12-12 16:55:00] [INFO]    [OmnipathR] Loaded from cache: `https://omnipathdb.org/intercell_summary`
[2024-12-12 16:55:00] [SUCCESS] [OmnipathR] Loaded 1098 records from cache.
[2024-12-12 16:55:00] [TRACE]   [OmnipathR] Looking up in cache: `https://omnipathdb.org/intercell?scope=generic&aspect=locational&license=academic`
[2024-12-12 16:55:01] [TRACE]   [OmnipathR] Loaded data from RDS `/Users/hannahbazin/Library/Caches/OmnipathR/f3016033f2ec7b4f644fc95cf98c28c15a2e1b8a-1.rds`.
[2024-12-12 16:55:01] [INFO]    [OmnipathR] Loaded from cache: `https://omnipathdb.org/intercell?scope=generic&aspect=locational&license=academic`
[2024-12-12 16:55:01] [SUCCESS] [OmnipathR] Loaded 236086 intercellular communication role records from cache.
[2024-12-12 16:55:02] [TRACE]   [OmnipathR] Looking up in cache: `https://omnipathdb.org/interactions?genesymbols=yes&datasets=omnipath,ligrecextra&organisms=9606&fields=datasets,sources,references,curation_effort&license=academic`
[2024-12-12 16:55:02] [TRACE]   [OmnipathR] Loaded data from RDS `/Users/hannahbazin/Library/Caches/OmnipathR/498f91238951df23d4d71705063f40254eddbfbf-1.rds`.
[2024-12-12 16:55:02] [INFO]    [OmnipathR] Loaded from cache: `https://omnipathdb.org/interactions?genesymbols=yes&datasets=omnipath,ligrecextra&organisms=9606&fields=datasets,sources,references,curation_effort&license=academic`
[2024-12-12 16:55:04] [SUCCESS] [OmnipathR] Loaded 84409 interactions from cache.
[2024-12-12 16:55:04] [TRACE]   [OmnipathR] Looking up in cache: `https://omnipathdb.org/intercell?scope=generic&causality=trans&license=academic`
[2024-12-12 16:55:04] [TRACE]   [OmnipathR] Loaded data from RDS `/Users/hannahbazin/Library/Caches/OmnipathR/1ac430724a20c137fc374a8499adabb468a12835-1.rds`.
[2024-12-12 16:55:04] [INFO]    [OmnipathR] Loaded from cache: `https://omnipathdb.org/intercell?scope=generic&causality=trans&license=academic`
[2024-12-12 16:55:04] [SUCCESS] [OmnipathR] Loaded 29651 intercellular communication role records from cache.
[2024-12-12 16:55:04] [TRACE]   [OmnipathR] Looking up in cache: `https://omnipathdb.org/intercell?aspect=locational&parent=secreted,plasma_membrane_transmembrane,plasma_membrane_peripheral&license=academic`
[2024-12-12 16:55:04] [TRACE]   [OmnipathR] Loaded data from RDS `/Users/hannahbazin/Library/Caches/OmnipathR/9ecbbba7b7129c316d69501f7af5c2aced05a498-1.rds`.
[2024-12-12 16:55:04] [INFO]    [OmnipathR] Loaded from cache: `https://omnipathdb.org/intercell?aspect=locational&parent=secreted,plasma_membrane_transmembrane,plasma_membrane_peripheral&license=academic`
[2024-12-12 16:55:04] [SUCCESS] [OmnipathR] Loaded 21862 intercellular communication role records from cache.
[2024-12-12 16:55:04] [TRACE]   [OmnipathR] Looking up in cache: `https://omnipathdb.org/intercell?scope=generic&causality=rec&license=academic`
[2024-12-12 16:55:04] [TRACE]   [OmnipathR] Loaded data from RDS `/Users/hannahbazin/Library/Caches/OmnipathR/552757063f9934c7b745a9c4247c3b5282a66c88-1.rds`.
[2024-12-12 16:55:04] [INFO]    [OmnipathR] Loaded from cache: `https://omnipathdb.org/intercell?scope=generic&causality=rec&license=academic`
[2024-12-12 16:55:05] [SUCCESS] [OmnipathR] Loaded 45334 intercellular communication role records from cache.
[2024-12-12 16:55:20] [TRACE]   [OmnipathR] Looking up in cache: `https://omnipathdb.org/intercell?license=academic`
[2024-12-12 16:55:21] [TRACE]   [OmnipathR] Loaded data from RDS `/Users/hannahbazin/Library/Caches/OmnipathR/88868f24833199a6a4a8e27980fa32cd50c1c600-1.rds`.
[2024-12-12 16:55:21] [INFO]    [OmnipathR] Loaded from cache: `https://omnipathdb.org/intercell?license=academic`
[2024-12-12 16:55:21] [SUCCESS] [OmnipathR] Loaded 332447 intercellular communication role records from cache.
[2024-12-12 16:55:22] [TRACE]   [OmnipathR] Looking up in cache: `https://omnipathdb.org/intercell?aspect=locational&parent=secreted,plasma_membrane_transmembrane,plasma_membrane_peripheral&license=academic`
[2024-12-12 16:55:22] [TRACE]   [OmnipathR] Loaded data from RDS `/Users/hannahbazin/Library/Caches/OmnipathR/9ecbbba7b7129c316d69501f7af5c2aced05a498-1.rds`.
[2024-12-12 16:55:22] [INFO]    [OmnipathR] Loaded from cache: `https://omnipathdb.org/intercell?aspect=locational&parent=secreted,plasma_membrane_transmembrane,plasma_membrane_peripheral&license=academic`
[2024-12-12 16:55:22] [SUCCESS] [OmnipathR] Loaded 21862 intercellular communication role records from cache.
[2024-12-12 16:55:22] [TRACE]   [OmnipathR] Looking up in cache: `https://omnipathdb.org/interactions?genesymbols=yes&datasets=omnipath,pathwayextra,kinaseextra,ligrecextra&organisms=9606&fields=datasets,sources,references,curation_effort&license=academic`
[2024-12-12 16:55:22] [TRACE]   [OmnipathR] Loaded data from RDS `/Users/hannahbazin/Library/Caches/OmnipathR/3098404926bc0cf155d043ff0c6efe64e3424b74-1.rds`.
[2024-12-12 16:55:22] [INFO]    [OmnipathR] Loaded from cache: `https://omnipathdb.org/interactions?genesymbols=yes&datasets=omnipath,pathwayextra,kinaseextra,ligrecextra&organisms=9606&fields=datasets,sources,references,curation_effort&license=academic`
[2024-12-12 16:55:25] [SUCCESS] [OmnipathR] Loaded 134282 interactions from cache.
[2024-12-12 16:55:25] [TRACE]   [OmnipathR] Looking up in cache: `https://omnipathdb.org/intercell?scope=generic&causality=trans&license=academic`
[2024-12-12 16:55:25] [TRACE]   [OmnipathR] Loaded data from RDS `/Users/hannahbazin/Library/Caches/OmnipathR/1ac430724a20c137fc374a8499adabb468a12835-1.rds`.
[2024-12-12 16:55:25] [INFO]    [OmnipathR] Loaded from cache: `https://omnipathdb.org/intercell?scope=generic&causality=trans&license=academic`
[2024-12-12 16:55:25] [SUCCESS] [OmnipathR] Loaded 29651 intercellular communication role records from cache.
[2024-12-12 16:55:25] [TRACE]   [OmnipathR] Looking up in cache: `https://omnipathdb.org/intercell?scope=generic&causality=rec&license=academic`
[2024-12-12 16:55:25] [TRACE]   [OmnipathR] Loaded data from RDS `/Users/hannahbazin/Library/Caches/OmnipathR/552757063f9934c7b745a9c4247c3b5282a66c88-1.rds`.
[2024-12-12 16:55:25] [INFO]    [OmnipathR] Loaded from cache: `https://omnipathdb.org/intercell?scope=generic&causality=rec&license=academic`
[2024-12-12 16:55:25] [SUCCESS] [OmnipathR] Loaded 45334 intercellular communication role records from cache.
